Build started 17/05/2019 2:48:56 PM.
     1>Project "D:\C29_1751040102_BuiTheVinh\C29_1751040102_BuiTheVinh\C29_1751040102_BuiTheVinh.vcxproj" on node 2 (build target(s)).
     1>InitializeBuildStatus:
         Creating "Debug\C29_1751040102_BuiTheVinh.unsuccessfulbuild" because "AlwaysCreate" was specified.
       ClCompile:
         C:\Program Files (x86)\Microsoft Visual Studio 10.0\VC\bin\CL.exe /c /ZI /nologo /W3 /WX- /Od /Oy- /D WIN32 /D _DEBUG /D _CONSOLE /D _UNICODE /D UNICODE /Gm /EHsc /RTC1 /MDd /GS /fp:precise /Zc:wchar_t /Zc:forScope /Fo"Debug\\" /Fd"Debug\vc100.pdb" /Gd /TP /analyze- /errorReport:prompt C29_1751040102_BuiTheVinh_De1_Cau1.cpp
         C29_1751040102_BuiTheVinh_De1_Cau1.cpp
       ManifestResourceCompile:
         All outputs are up-to-date.
       Link:
         C:\Program Files (x86)\Microsoft Visual Studio 10.0\VC\bin\link.exe /ERRORREPORT:PROMPT /OUT:"D:\C29_1751040102_BuiTheVinh\Debug\C29_1751040102_BuiTheVinh.exe" /INCREMENTAL /NOLOGO kernel32.lib user32.lib gdi32.lib winspool.lib comdlg32.lib advapi32.lib shell32.lib ole32.lib oleaut32.lib uuid.lib odbc32.lib odbccp32.lib /MANIFEST /ManifestFile:"Debug\C29_1751040102_BuiTheVinh.exe.intermediate.manifest" /MANIFESTUAC:"level='asInvoker' uiAccess='false'" /DEBUG /PDB:"D:\C29_1751040102_BuiTheVinh\Debug\C29_1751040102_BuiTheVinh.pdb" /SUBSYSTEM:CONSOLE /TLBID:1 /DYNAMICBASE /NXCOMPAT /IMPLIB:"D:\C29_1751040102_BuiTheVinh\Debug\C29_1751040102_BuiTheVinh.lib" /MACHINE:X86 Debug\C29_1751040102_BuiTheVinh.exe.embed.manifest.res
         Debug\C29_1751040102_BuiTheVinh_De1_Cau1.obj
       Manifest:
         C:\Program Files (x86)\Microsoft SDKs\Windows\v7.0A\bin\mt.exe /nologo /verbose /out:"Debug\C29_1751040102_BuiTheVinh.exe.embed.manifest" /manifest Debug\C29_1751040102_BuiTheVinh.exe.intermediate.manifest
         All outputs are up-to-date.
       LinkEmbedManifest:
         All outputs are up-to-date.
         C29_1751040102_BuiTheVinh.vcxproj -> D:\C29_1751040102_BuiTheVinh\Debug\C29_1751040102_BuiTheVinh.exe
       FinalizeBuildStatus:
         Deleting file "Debug\C29_1751040102_BuiTheVinh.unsuccessfulbuild".
         Touching "Debug\C29_1751040102_BuiTheVinh.lastbuildstate".
     1>Done Building Project "D:\C29_1751040102_BuiTheVinh\C29_1751040102_BuiTheVinh\C29_1751040102_BuiTheVinh.vcxproj" (build target(s)).

Build succeeded.

Time Elapsed 00:00:00.54
